<?xml version="1.0" encoding="UTF-8"?>
<testsuite xmlns:xsi="http://www.w3.org/2001/XMLSchema-instance" xsi:noNamespaceSchemaLocation="https://maven.apache.org/surefire/maven-surefire-plugin/xsd/surefire-test-report-3.0.xsd" version="3.0" name="com.juliagomes.alexa.AlexaApplicationTests" time="3.77" tests="1" errors="0" skipped="0" failures="0">
  <properties>
[...]
</properties>
  <testcase name="contextLoads" classname="com.juliagomes.alexa.AlexaApplicationTests" time="1.248">
    <system-out><![CDATA[00:22:01.258 [main] INFO org.springframework.test.context.support.AnnotationConfigContextLoaderUtils -- Could not detect default configuration classes for test class [com.juliagomes.alexa.AlexaApplicationTests]: AlexaApplicationTests does not declare any static, non-private, non-final, nested classes annotated with @Configuration.
00:22:01.416 [main] INFO org.springframework.boot.test.context.SpringBootTestContextBootstrapper -- Found @SpringBootConfiguration com.juliagomes.alexa.AlexaApplication for test class com.juliagomes.alexa.AlexaApplicationTests

  .   ____          _            __ _ _
 /\\ / ___'_ __ _ _(_)_ __  __ _ \ \ \ \
( ( )\___ | '_ | '_| | '_ \/ _` | \ \ \ \
 \\/  ___)| |_)| | | | | || (_| |  ) ) ) )
  '  |____| .__|_| |_|_| |_\__, | / / / /
 =========|_|==============|___/=/_/_/_/
 :: Spring Boot ::                (v3.1.1)

2023-07-16T00:22:02.012-03:00  INFO 16804 --- [           main] c.j.alexa.AlexaApplicationTests          : Starting AlexaApplicationTests using Java 17.0.2 with PID 16804 (started by Julia Gomes in C:\Users\Julia Gomes\Desktop\alexa)
2023-07-16T00:22:02.014-03:00  INFO 16804 --- [           main] c.j.alexa.AlexaApplicationTests          : No active profile set, falling back to 1 default profile: "default"
2023-07-16T00:22:03.523-03:00  INFO 16804 --- [           main] c.j.alexa.AlexaApplicationTests          : Started AlexaApplicationTests in 1.882 seconds (process running for 4.219)
]]></system-out>
  </testcase>
</testsuite>